0 info it worked if it ends with ok
1 verbose cli [ '/home/renton/.nvm/versions/node/v6.11.1/bin/node',
1 verbose cli   '/home/renton/.nvm/versions/node/v6.11.1/bin/npm',
1 verbose cli   'start' ]
2 info using npm@3.10.10
3 info using node@v6.11.1
4 verbose run-script [ 'prestart', 'start', 'poststart' ]
5 info lifecycle twitt3r@1.0.0~prestart: twitt3r@1.0.0
6 silly lifecycle twitt3r@1.0.0~prestart: no script for prestart, continuing
7 info lifecycle twitt3r@1.0.0~start: twitt3r@1.0.0
8 verbose lifecycle twitt3r@1.0.0~start: unsafe-perm in lifecycle true
9 verbose lifecycle twitt3r@1.0.0~start: PATH: /home/renton/.nvm/versions/node/v6.11.1/lib/node_modules/npm/bin/node-gyp-bin:/home/renton/Documents/Javascript Projects/twitt3r/node_modules/.bin:/home/renton/bin:/home/renton/.local/bin:/home/renton/.nvm/versions/node/v6.11.1/bin:/home/renton/.rvm/gems/ruby-2.4.0/bin:/home/renton/.rvm/gems/ruby-2.4.0@global/bin:/usr/share/rvm/rubies/ruby-2.4.0/bin:/u01/app/oracle/product/11.2.0/xe/bin:/usr/lib/jvm/java-1.8.0-openjdk-amd64/bin:/home/renton/bin:/home/renton/.local/bin:/usr/local/sbin:/usr/local/bin:/usr/sbin:/usr/bin:/sbin:/bin:/usr/games:/usr/local/games:/snap/bin:/home/renton/.rvm/bin:/usr/share/rvm/bin:/home/renton/.rvm/bin:/home/renton/.rvm/bin
10 verbose lifecycle twitt3r@1.0.0~start: CWD: /home/renton/Documents/Javascript Projects/twitt3r
11 silly lifecycle twitt3r@1.0.0~start: Args: [ '-c', 'node server.js' ]
12 silly lifecycle twitt3r@1.0.0~start: Returned: code: 1  signal: null
13 info lifecycle twitt3r@1.0.0~start: Failed to exec start script
14 verbose stack Error: twitt3r@1.0.0 start: `node server.js`
14 verbose stack Exit status 1
14 verbose stack     at EventEmitter.<anonymous> (/home/renton/.nvm/versions/node/v6.11.1/lib/node_modules/npm/lib/utils/lifecycle.js:255:16)
14 verbose stack     at emitTwo (events.js:106:13)
14 verbose stack     at EventEmitter.emit (events.js:191:7)
14 verbose stack     at ChildProcess.<anonymous> (/home/renton/.nvm/versions/node/v6.11.1/lib/node_modules/npm/lib/utils/spawn.js:40:14)
14 verbose stack     at emitTwo (events.js:106:13)
14 verbose stack     at ChildProcess.emit (events.js:191:7)
14 verbose stack     at maybeClose (internal/child_process.js:891:16)
14 verbose stack     at Process.ChildProcess._handle.onexit (internal/child_process.js:226:5)
15 verbose pkgid twitt3r@1.0.0
16 verbose cwd /home/renton/Documents/Javascript Projects/twitt3r
17 error Linux 4.13.0-45-generic
18 error argv "/home/renton/.nvm/versions/node/v6.11.1/bin/node" "/home/renton/.nvm/versions/node/v6.11.1/bin/npm" "start"
19 error node v6.11.1
20 error npm  v3.10.10
21 error code ELIFECYCLE
22 error twitt3r@1.0.0 start: `node server.js`
22 error Exit status 1
23 error Failed at the twitt3r@1.0.0 start script 'node server.js'.
23 error Make sure you have the latest version of node.js and npm installed.
23 error If you do, this is most likely a problem with the twitt3r package,
23 error not with npm itself.
23 error Tell the author that this fails on your system:
23 error     node server.js
23 error You can get information on how to open an issue for this project with:
23 error     npm bugs twitt3r
23 error Or if that isn't available, you can get their info via:
23 error     npm owner ls twitt3r
23 error There is likely additional logging output above.
24 verbose exit [ 1, true ]
